WARNING 2019-07-24 03:19:37,441 base 152 Not Found: /
WARNING 2019-07-24 03:19:37,458 basehttp 124 "GET / HTTP/1.1" 404 2091
WARNING 2019-07-24 03:19:37,748 base 152 Not Found: /favicon.ico
WARNING 2019-07-24 03:19:37,749 basehttp 124 "GET /favicon.ico HTTP/1.1" 404 2142
WARNING 2019-07-24 03:24:57,215 base 152 Not Found: /
WARNING 2019-07-24 03:24:57,239 basehttp 124 "GET / HTTP/1.1" 404 2091
ERROR 2019-07-24 03:25:02,327 exception 135 Internal Server Error: /register
Traceback (most recent call last):
  File "/home/python/.virtualenvs/django_py3/lib/python3.5/site-packages/django/template/utils.py", line 65, in __getitem__
    return self._engines[alias]
KeyError: 'django'

During handling of the above exception, another exception occurred:

Traceback (most recent call last):
  File "/home/python/.virtualenvs/django_py3/lib/python3.5/site-packages/django/core/handlers/exception.py", line 41, in inner
    response = get_response(request)
  File "/home/python/.virtualenvs/django_py3/lib/python3.5/site-packages/django/core/handlers/base.py", line 187, in _get_response
    response = self.process_exception_by_middleware(e, request)
  File "/home/python/.virtualenvs/django_py3/lib/python3.5/site-packages/django/core/handlers/base.py", line 185, in _get_response
    response = wrapped_callback(request, *callback_args, **callback_kwargs)
  File "/home/python/.virtualenvs/django_py3/lib/python3.5/site-packages/django/views/generic/base.py", line 68, in view
    return self.dispatch(request, *args, **kwargs)
  File "/home/python/.virtualenvs/django_py3/lib/python3.5/site-packages/django/views/generic/base.py", line 88, in dispatch
    return handler(request, *args, **kwargs)
  File "/home/python/Desktop/meiduo_mall/meiduo_mall/meiduo_mall/app/users/views.py", line 10, in get
    return render(request, 'register.html')
  File "/home/python/.virtualenvs/django_py3/lib/python3.5/site-packages/django/shortcuts.py", line 30, in render
    content = loader.render_to_string(template_name, context, request, using=using)
  File "/home/python/.virtualenvs/django_py3/lib/python3.5/site-packages/django/template/loader.py", line 67, in render_to_string
    template = get_template(template_name, using=using)
  File "/home/python/.virtualenvs/django_py3/lib/python3.5/site-packages/django/template/loader.py", line 18, in get_template
    engines = _engine_list(using)
  File "/home/python/.virtualenvs/django_py3/lib/python3.5/site-packages/django/template/loader.py", line 72, in _engine_list
    return engines.all() if using is None else [engines[using]]
  File "/home/python/.virtualenvs/django_py3/lib/python3.5/site-packages/django/template/utils.py", line 89, in all
    return [self[alias] for alias in self]
  File "/home/python/.virtualenvs/django_py3/lib/python3.5/site-packages/django/template/utils.py", line 89, in <listcomp>
    return [self[alias] for alias in self]
  File "/home/python/.virtualenvs/django_py3/lib/python3.5/site-packages/django/template/utils.py", line 80, in __getitem__
    engine = engine_cls(params)
  File "/home/python/.virtualenvs/django_py3/lib/python3.5/site-packages/django/template/backends/django.py", line 31, in __init__
    super(DjangoTemplates, self).__init__(params)
  File "/home/python/.virtualenvs/django_py3/lib/python3.5/site-packages/django/template/backends/base.py", line 29, in __init__
    "Unknown parameters: {}".format(", ".join(params)))
django.core.exceptions.ImproperlyConfigured: Unknown parameters: environment
ERROR 2019-07-24 03:25:02,527 basehttp 124 "GET /register HTTP/1.1" 500 124546
WARNING 2019-07-24 03:27:14,172 base 152 Not Found: /
WARNING 2019-07-24 03:27:14,179 basehttp 124 "GET / HTTP/1.1" 404 2091
ERROR 2019-07-24 03:27:19,859 exception 135 Internal Server Error: /register
Traceback (most recent call last):
  File "/home/python/.virtualenvs/django_py3/lib/python3.5/site-packages/django/template/utils.py", line 65, in __getitem__
    return self._engines[alias]
KeyError: 'django'

During handling of the above exception, another exception occurred:

Traceback (most recent call last):
  File "/home/python/.virtualenvs/django_py3/lib/python3.5/site-packages/django/core/handlers/exception.py", line 41, in inner
    response = get_response(request)
  File "/home/python/.virtualenvs/django_py3/lib/python3.5/site-packages/django/core/handlers/base.py", line 187, in _get_response
    response = self.process_exception_by_middleware(e, request)
  File "/home/python/.virtualenvs/django_py3/lib/python3.5/site-packages/django/core/handlers/base.py", line 185, in _get_response
    response = wrapped_callback(request, *callback_args, **callback_kwargs)
  File "/home/python/.virtualenvs/django_py3/lib/python3.5/site-packages/django/views/generic/base.py", line 68, in view
    return self.dispatch(request, *args, **kwargs)
  File "/home/python/.virtualenvs/django_py3/lib/python3.5/site-packages/django/views/generic/base.py", line 88, in dispatch
    return handler(request, *args, **kwargs)
  File "/home/python/Desktop/meiduo_mall/meiduo_mall/meiduo_mall/app/users/views.py", line 10, in get
    return render(request, 'register.html')
  File "/home/python/.virtualenvs/django_py3/lib/python3.5/site-packages/django/shortcuts.py", line 30, in render
    content = loader.render_to_string(template_name, context, request, using=using)
  File "/home/python/.virtualenvs/django_py3/lib/python3.5/site-packages/django/template/loader.py", line 67, in render_to_string
    template = get_template(template_name, using=using)
  File "/home/python/.virtualenvs/django_py3/lib/python3.5/site-packages/django/template/loader.py", line 18, in get_template
    engines = _engine_list(using)
  File "/home/python/.virtualenvs/django_py3/lib/python3.5/site-packages/django/template/loader.py", line 72, in _engine_list
    return engines.all() if using is None else [engines[using]]
  File "/home/python/.virtualenvs/django_py3/lib/python3.5/site-packages/django/template/utils.py", line 89, in all
    return [self[alias] for alias in self]
  File "/home/python/.virtualenvs/django_py3/lib/python3.5/site-packages/django/template/utils.py", line 89, in <listcomp>
    return [self[alias] for alias in self]
  File "/home/python/.virtualenvs/django_py3/lib/python3.5/site-packages/django/template/utils.py", line 80, in __getitem__
    engine = engine_cls(params)
  File "/home/python/.virtualenvs/django_py3/lib/python3.5/site-packages/django/template/backends/django.py", line 32, in __init__
    self.engine = Engine(self.dirs, self.app_dirs, **options)
TypeError: __init__() got an unexpected keyword argument 'environment'
ERROR 2019-07-24 03:27:20,054 basehttp 124 "GET /register HTTP/1.1" 500 120549
ERROR 2019-07-24 03:28:28,239 exception 135 Internal Server Error: /register
Traceback (most recent call last):
  File "/home/python/.virtualenvs/django_py3/lib/python3.5/site-packages/django/template/utils.py", line 65, in __getitem__
    return self._engines[alias]
KeyError: 'django'

During handling of the above exception, another exception occurred:

Traceback (most recent call last):
  File "/home/python/.virtualenvs/django_py3/lib/python3.5/site-packages/django/core/handlers/exception.py", line 41, in inner
    response = get_response(request)
  File "/home/python/.virtualenvs/django_py3/lib/python3.5/site-packages/django/core/handlers/base.py", line 187, in _get_response
    response = self.process_exception_by_middleware(e, request)
  File "/home/python/.virtualenvs/django_py3/lib/python3.5/site-packages/django/core/handlers/base.py", line 185, in _get_response
    response = wrapped_callback(request, *callback_args, **callback_kwargs)
  File "/home/python/.virtualenvs/django_py3/lib/python3.5/site-packages/django/views/generic/base.py", line 68, in view
    return self.dispatch(request, *args, **kwargs)
  File "/home/python/.virtualenvs/django_py3/lib/python3.5/site-packages/django/views/generic/base.py", line 88, in dispatch
    return handler(request, *args, **kwargs)
  File "/home/python/Desktop/meiduo_mall/meiduo_mall/meiduo_mall/app/users/views.py", line 10, in get
    return render(request, 'register.html')
  File "/home/python/.virtualenvs/django_py3/lib/python3.5/site-packages/django/shortcuts.py", line 30, in render
    content = loader.render_to_string(template_name, context, request, using=using)
  File "/home/python/.virtualenvs/django_py3/lib/python3.5/site-packages/django/template/loader.py", line 67, in render_to_string
    template = get_template(template_name, using=using)
  File "/home/python/.virtualenvs/django_py3/lib/python3.5/site-packages/django/template/loader.py", line 18, in get_template
    engines = _engine_list(using)
  File "/home/python/.virtualenvs/django_py3/lib/python3.5/site-packages/django/template/loader.py", line 72, in _engine_list
    return engines.all() if using is None else [engines[using]]
  File "/home/python/.virtualenvs/django_py3/lib/python3.5/site-packages/django/template/utils.py", line 89, in all
    return [self[alias] for alias in self]
  File "/home/python/.virtualenvs/django_py3/lib/python3.5/site-packages/django/template/utils.py", line 89, in <listcomp>
    return [self[alias] for alias in self]
  File "/home/python/.virtualenvs/django_py3/lib/python3.5/site-packages/django/template/utils.py", line 80, in __getitem__
    engine = engine_cls(params)
  File "/home/python/.virtualenvs/django_py3/lib/python3.5/site-packages/django/template/backends/django.py", line 32, in __init__
    self.engine = Engine(self.dirs, self.app_dirs, **options)
TypeError: __init__() got an unexpected keyword argument 'environment'
ERROR 2019-07-24 03:28:28,381 basehttp 124 "GET /register HTTP/1.1" 500 120680
ERROR 2019-07-24 03:28:59,964 exception 135 Internal Server Error: /register
Traceback (most recent call last):
  File "/home/python/.virtualenvs/django_py3/lib/python3.5/site-packages/django/core/handlers/exception.py", line 41, in inner
    response = get_response(request)
  File "/home/python/.virtualenvs/django_py3/lib/python3.5/site-packages/django/core/handlers/base.py", line 187, in _get_response
    response = self.process_exception_by_middleware(e, request)
  File "/home/python/.virtualenvs/django_py3/lib/python3.5/site-packages/django/core/handlers/base.py", line 185, in _get_response
    response = wrapped_callback(request, *callback_args, **callback_kwargs)
  File "/home/python/.virtualenvs/django_py3/lib/python3.5/site-packages/django/views/generic/base.py", line 68, in view
    return self.dispatch(request, *args, **kwargs)
  File "/home/python/.virtualenvs/django_py3/lib/python3.5/site-packages/django/views/generic/base.py", line 88, in dispatch
    return handler(request, *args, **kwargs)
  File "/home/python/Desktop/meiduo_mall/meiduo_mall/meiduo_mall/app/users/views.py", line 10, in get
    return render(request, 'register.html')
  File "/home/python/.virtualenvs/django_py3/lib/python3.5/site-packages/django/shortcuts.py", line 30, in render
    content = loader.render_to_string(template_name, context, request, using=using)
  File "/home/python/.virtualenvs/django_py3/lib/python3.5/site-packages/django/template/loader.py", line 67, in render_to_string
    template = get_template(template_name, using=using)
  File "/home/python/.virtualenvs/django_py3/lib/python3.5/site-packages/django/template/loader.py", line 25, in get_template
    raise TemplateDoesNotExist(template_name, chain=chain)
django.template.exceptions.TemplateDoesNotExist: register.html
ERROR 2019-07-24 03:29:00,040 basehttp 124 "GET /register HTTP/1.1" 500 95496
ERROR 2019-07-24 03:35:23,120 exception 135 Internal Server Error: /register
Traceback (most recent call last):
  File "/home/python/.virtualenvs/django_py3/lib/python3.5/site-packages/django/core/handlers/exception.py", line 41, in inner
    response = get_response(request)
  File "/home/python/.virtualenvs/django_py3/lib/python3.5/site-packages/django/core/handlers/base.py", line 187, in _get_response
    response = self.process_exception_by_middleware(e, request)
  File "/home/python/.virtualenvs/django_py3/lib/python3.5/site-packages/django/core/handlers/base.py", line 185, in _get_response
    response = wrapped_callback(request, *callback_args, **callback_kwargs)
  File "/home/python/.virtualenvs/django_py3/lib/python3.5/site-packages/django/views/generic/base.py", line 68, in view
    return self.dispatch(request, *args, **kwargs)
  File "/home/python/.virtualenvs/django_py3/lib/python3.5/site-packages/django/views/generic/base.py", line 88, in dispatch
    return handler(request, *args, **kwargs)
  File "/home/python/Desktop/meiduo_mall/meiduo_mall/meiduo_mall/app/users/views.py", line 10, in get
    return render(request, 'register.html')
  File "/home/python/.virtualenvs/django_py3/lib/python3.5/site-packages/django/shortcuts.py", line 30, in render
    content = loader.render_to_string(template_name, context, request, using=using)
  File "/home/python/.virtualenvs/django_py3/lib/python3.5/site-packages/django/template/loader.py", line 67, in render_to_string
    template = get_template(template_name, using=using)
  File "/home/python/.virtualenvs/django_py3/lib/python3.5/site-packages/django/template/loader.py", line 25, in get_template
    raise TemplateDoesNotExist(template_name, chain=chain)
django.template.exceptions.TemplateDoesNotExist: register.html
ERROR 2019-07-24 03:35:23,253 basehttp 124 "GET /register HTTP/1.1" 500 95496
ERROR 2019-07-24 03:35:41,973 exception 135 Internal Server Error: /register
Traceback (most recent call last):
  File "/home/python/.virtualenvs/django_py3/lib/python3.5/site-packages/django/core/handlers/exception.py", line 41, in inner
    response = get_response(request)
  File "/home/python/.virtualenvs/django_py3/lib/python3.5/site-packages/django/core/handlers/base.py", line 187, in _get_response
    response = self.process_exception_by_middleware(e, request)
  File "/home/python/.virtualenvs/django_py3/lib/python3.5/site-packages/django/core/handlers/base.py", line 185, in _get_response
    response = wrapped_callback(request, *callback_args, **callback_kwargs)
  File "/home/python/.virtualenvs/django_py3/lib/python3.5/site-packages/django/views/generic/base.py", line 68, in view
    return self.dispatch(request, *args, **kwargs)
  File "/home/python/.virtualenvs/django_py3/lib/python3.5/site-packages/django/views/generic/base.py", line 88, in dispatch
    return handler(request, *args, **kwargs)
  File "/home/python/Desktop/meiduo_mall/meiduo_mall/meiduo_mall/app/users/views.py", line 10, in get
    return render(request, 'register.html')
  File "/home/python/.virtualenvs/django_py3/lib/python3.5/site-packages/django/shortcuts.py", line 30, in render
    content = loader.render_to_string(template_name, context, request, using=using)
  File "/home/python/.virtualenvs/django_py3/lib/python3.5/site-packages/django/template/loader.py", line 67, in render_to_string
    template = get_template(template_name, using=using)
  File "/home/python/.virtualenvs/django_py3/lib/python3.5/site-packages/django/template/loader.py", line 25, in get_template
    raise TemplateDoesNotExist(template_name, chain=chain)
django.template.exceptions.TemplateDoesNotExist: register.html
ERROR 2019-07-24 03:35:42,162 basehttp 124 "GET /register HTTP/1.1" 500 95496
INFO 2019-07-24 03:36:42,334 basehttp 124 "GET /register HTTP/1.1" 200 3466
INFO 2019-07-24 03:36:42,374 basehttp 124 "GET /static/css/reset.css HTTP/1.1" 200 638
INFO 2019-07-24 03:36:42,389 basehttp 124 "GET /static/css/main.css HTTP/1.1" 200 39722
INFO 2019-07-24 03:36:42,398 basehttp 124 "GET /static/js/host.js HTTP/1.1" 200 75
INFO 2019-07-24 03:36:42,418 basehttp 124 "GET /static/js/vue-2.5.16.js HTTP/1.1" 200 289307
INFO 2019-07-24 03:36:42,422 basehttp 124 "GET /static/js/axios-0.18.0.min.js HTTP/1.1" 200 12941
INFO 2019-07-24 03:36:42,433 basehttp 124 "GET /static/images/logo.png HTTP/1.1" 200 7450
INFO 2019-07-24 03:36:42,439 basehttp 124 "GET /static/images/pic_code.jpg HTTP/1.1" 200 4507
INFO 2019-07-24 03:36:42,451 basehttp 124 "GET /static/js/common.js HTTP/1.1" 200 891
INFO 2019-07-24 03:36:42,459 basehttp 124 "GET /static/js/register.js HTTP/1.1" 200 15584
INFO 2019-07-24 03:36:42,893 basehttp 124 "GET /static/images/interval_line.png HTTP/1.1" 200 1123
INFO 2019-07-24 03:36:42,919 basehttp 124 "GET /static/images/register_banner.png HTTP/1.1" 200 54894
INFO 2019-07-24 03:36:42,923 basehttp 124 "GET /static/images/icons02.png HTTP/1.1" 200 3935
WARNING 2019-07-24 04:04:33,601 base 152 Not Found: /
WARNING 2019-07-24 04:04:33,629 basehttp 124 "GET / HTTP/1.1" 404 2091
WARNING 2019-07-24 04:04:33,828 base 152 Not Found: /favicon.ico
WARNING 2019-07-24 04:04:33,837 basehttp 124 "GET /favicon.ico HTTP/1.1" 404 2142
INFO 2019-07-24 04:04:38,250 basehttp 124 "GET /register HTTP/1.1" 200 3466
WARNING 2019-07-24 04:25:20,198 base 152 Not Found: /
WARNING 2019-07-24 04:25:20,224 basehttp 124 "GET / HTTP/1.1" 404 2091
INFO 2019-07-24 04:25:24,460 basehttp 124 "GET /register HTTP/1.1" 200 4908
INFO 2019-07-24 04:34:49,699 basehttp 124 "GET / HTTP/1.1" 200 25122
INFO 2019-07-24 04:34:49,835 basehttp 124 "GET /static/js/jquery-1.12.4.min.js HTTP/1.1" 200 97163
INFO 2019-07-24 04:34:49,882 basehttp 124 "GET /static/images/goods/goods002.jpg HTTP/1.1" 200 5377
INFO 2019-07-24 04:34:49,882 basehttp 124 "GET /static/images/goods/goods001.jpg HTTP/1.1" 200 5391
INFO 2019-07-24 04:34:49,882 basehttp 124 "GET /static/images/slide01.jpg HTTP/1.1" 200 67813
INFO 2019-07-24 04:34:49,888 basehttp 124 "GET /static/images/slide02.jpg HTTP/1.1" 200 89905
INFO 2019-07-24 04:34:49,914 basehttp 124 "GET /static/images/slide03.jpg HTTP/1.1" 200 70152
INFO 2019-07-24 04:34:49,937 basehttp 124 "GET /static/images/slide04.jpg HTTP/1.1" 200 107973
INFO 2019-07-24 04:34:49,967 basehttp 124 "GET /static/js/slide.js HTTP/1.1" 200 1822
INFO 2019-07-24 04:34:49,974 basehttp 124 "GET /static/js/index.js HTTP/1.1" 200 1727
INFO 2019-07-24 04:34:50,042 basehttp 124 "GET /static/images/adv01.jpg HTTP/1.1" 200 39831
INFO 2019-07-24 04:34:50,052 basehttp 124 "GET /static/images/banner01.jpg HTTP/1.1" 200 23658
INFO 2019-07-24 04:34:50,057 basehttp 124 "GET /static/images/goods/goods004.jpg HTTP/1.1" 200 6565
INFO 2019-07-24 04:34:50,060 basehttp 124 "GET /static/images/goods/goods003.jpg HTTP/1.1" 200 8579
INFO 2019-07-24 04:34:50,064 basehttp 124 "GET /static/images/goods/goods005.jpg HTTP/1.1" 200 7578
INFO 2019-07-24 04:34:50,081 basehttp 124 "GET /static/images/goods/goods008.jpg HTTP/1.1" 200 7072
INFO 2019-07-24 04:34:50,091 basehttp 124 "GET /static/images/banner03.jpg HTTP/1.1" 200 22681
INFO 2019-07-24 04:34:50,091 basehttp 124 "GET /static/images/banner02.jpg HTTP/1.1" 200 26729
INFO 2019-07-24 04:34:50,137 basehttp 124 "GET /static/images/goods/goods009.jpg HTTP/1.1" 200 8738
INFO 2019-07-24 04:34:50,491 basehttp 124 "GET /static/images/icons.png HTTP/1.1" 200 7740
WARNING 2019-07-24 04:34:51,607 base 152 Not Found: /carts/simple/
WARNING 2019-07-24 04:34:51,614 basehttp 124 "GET /carts/simple/ HTTP/1.1" 404 2482
INFO 2019-07-24 07:08:38,448 basehttp 124 "GET / HTTP/1.1" 200 25122
WARNING 2019-07-24 07:08:40,351 base 152 Not Found: /carts/simple/
WARNING 2019-07-24 07:08:40,366 basehttp 124 "GET /carts/simple/ HTTP/1.1" 404 2482
INFO 2019-07-24 07:08:42,903 basehttp 124 "GET /register HTTP/1.1" 200 5084
WARNING 2019-07-24 07:08:43,009 base 152 Not Found: /image_codes/8c97337a-ca92-4f71-bb1e-9e763ee64c25/
WARNING 2019-07-24 07:08:43,018 basehttp 124 "GET /image_codes/8c97337a-ca92-4f71-bb1e-9e763ee64c25/ HTTP/1.1" 404 2590
INFO 2019-07-24 07:33:20,592 basehttp 124 "GET / HTTP/1.1" 200 25122
WARNING 2019-07-24 07:33:22,342 base 152 Not Found: /carts/simple/
WARNING 2019-07-24 07:33:22,353 basehttp 124 "GET /carts/simple/ HTTP/1.1" 404 2482
INFO 2019-07-24 07:33:25,395 basehttp 124 "GET /register HTTP/1.1" 200 5084
WARNING 2019-07-24 07:33:25,532 base 152 Not Found: /image_codes/f6ad885a-5c0a-433f-9c10-0e587c42dfc7/
WARNING 2019-07-24 07:33:25,540 basehttp 124 "GET /image_codes/f6ad885a-5c0a-433f-9c10-0e587c42dfc7/ HTTP/1.1" 404 2590
INFO 2019-07-24 07:46:14,235 basehttp 124 "GET / HTTP/1.1" 200 25122
WARNING 2019-07-24 07:46:16,380 base 152 Not Found: /carts/simple/
WARNING 2019-07-24 07:46:16,399 basehttp 124 "GET /carts/simple/ HTTP/1.1" 404 2666
INFO 2019-07-24 07:46:19,542 basehttp 124 "GET /register HTTP/1.1" 200 5084
INFO 2019-07-24 07:46:19,601 basehttp 124 "GET /static/css/main.css HTTP/1.1" 304 0
INFO 2019-07-24 07:46:19,614 basehttp 124 "GET /static/js/host.js HTTP/1.1" 304 0
INFO 2019-07-24 07:46:19,615 basehttp 124 "GET /static/css/reset.css HTTP/1.1" 304 0
INFO 2019-07-24 07:46:19,628 basehttp 124 "GET /static/js/vue-2.5.16.js HTTP/1.1" 304 0
INFO 2019-07-24 07:46:19,630 basehttp 124 "GET /static/js/axios-0.18.0.min.js HTTP/1.1" 304 0
INFO 2019-07-24 07:46:19,635 basehttp 124 "GET /static/images/logo.png HTTP/1.1" 304 0
INFO 2019-07-24 07:46:19,636 basehttp 124 "GET /static/js/common.js HTTP/1.1" 304 0
INFO 2019-07-24 07:46:19,646 basehttp 124 "GET /static/js/register.js HTTP/1.1" 304 0
WARNING 2019-07-24 07:46:19,922 base 152 Not Found: /image_codes/a53843e7-bd89-4408-a4f9-b4a80c25acba/
WARNING 2019-07-24 07:46:19,935 basehttp 124 "GET /image_codes/a53843e7-bd89-4408-a4f9-b4a80c25acba/ HTTP/1.1" 404 2774
INFO 2019-07-24 07:46:50,047 basehttp 124 "GET /register HTTP/1.1" 200 5084
INFO 2019-07-24 07:46:50,182 basehttp 124 "GET /static/js/host.js HTTP/1.1" 304 0
INFO 2019-07-24 07:46:50,184 basehttp 124 "GET /static/js/vue-2.5.16.js HTTP/1.1" 304 0
INFO 2019-07-24 07:46:50,185 basehttp 124 "GET /static/js/axios-0.18.0.min.js HTTP/1.1" 304 0
INFO 2019-07-24 07:46:50,191 basehttp 124 "GET /static/css/main.css HTTP/1.1" 304 0
INFO 2019-07-24 07:46:50,188 basehttp 124 "GET /static/css/reset.css HTTP/1.1" 304 0
INFO 2019-07-24 07:46:50,249 basehttp 124 "GET /static/images/logo.png HTTP/1.1" 304 0
INFO 2019-07-24 07:46:50,278 basehttp 124 "GET /static/js/common.js HTTP/1.1" 304 0
INFO 2019-07-24 07:46:50,293 basehttp 124 "GET /static/js/register.js HTTP/1.1" 304 0
WARNING 2019-07-24 07:46:50,736 base 152 Not Found: /image_codes/f90cde99-aab8-4da0-9b23-3835c556b206/
WARNING 2019-07-24 07:46:50,775 basehttp 124 "GET /image_codes/f90cde99-aab8-4da0-9b23-3835c556b206/ HTTP/1.1" 404 2774
INFO 2019-07-24 07:48:05,824 basehttp 124 "GET /register HTTP/1.1" 200 5084
INFO 2019-07-24 07:48:06,077 basehttp 124 "GET /static/css/main.css HTTP/1.1" 304 0
INFO 2019-07-24 07:48:06,079 basehttp 124 "GET /static/js/vue-2.5.16.js HTTP/1.1" 304 0
INFO 2019-07-24 07:48:06,080 basehttp 124 "GET /static/js/axios-0.18.0.min.js HTTP/1.1" 304 0
INFO 2019-07-24 07:48:06,081 basehttp 124 "GET /static/css/reset.css HTTP/1.1" 304 0
INFO 2019-07-24 07:48:06,082 basehttp 124 "GET /static/js/host.js HTTP/1.1" 304 0
INFO 2019-07-24 07:48:06,128 basehttp 124 "GET /static/images/logo.png HTTP/1.1" 304 0
INFO 2019-07-24 07:48:06,134 basehttp 124 "GET /static/js/common.js HTTP/1.1" 304 0
INFO 2019-07-24 07:48:06,138 basehttp 124 "GET /static/js/register.js HTTP/1.1" 304 0
INFO 2019-07-24 07:48:13,424 basehttp 124 "GET /image_codes/469f70f3-fe15-4e84-b2a2-e7b314f83ee4/ HTTP/1.1" 200 3140
INFO 2019-07-24 07:48:20,024 basehttp 124 "GET /image_codes/71772dfb-9884-4991-912d-fc3d97e42706/ HTTP/1.1" 200 3236
INFO 2019-07-24 07:48:20,062 basehttp 124 "GET /image_codes/35add54f-d6c2-4b95-bb7c-7c54142447dc/ HTTP/1.1" 200 3398
INFO 2019-07-24 07:48:25,887 basehttp 124 "GET /image_codes/681652e8-4656-499a-94a2-028f6b18cf86/ HTTP/1.1" 200 3443
INFO 2019-07-24 07:48:26,050 basehttp 124 "GET /image_codes/debe6bc6-b7f5-43ba-9be7-dd8e478f9548/ HTTP/1.1" 200 3274
INFO 2019-07-24 07:48:26,243 basehttp 124 "GET /image_codes/50ce0ac1-4d83-4536-9b94-cf627dabf55c/ HTTP/1.1" 200 2961
INFO 2019-07-24 07:48:26,411 basehttp 124 "GET /image_codes/08d55693-0c49-420b-8518-95c810836e71/ HTTP/1.1" 200 3346
INFO 2019-07-24 07:48:26,624 basehttp 124 "GET /image_codes/e487fc58-bee3-409a-bbef-914a3da2143c/ HTTP/1.1" 200 3275
INFO 2019-07-24 07:48:26,835 basehttp 124 "GET /image_codes/9ee49eb5-ed00-45b3-9ee6-fe26d265e919/ HTTP/1.1" 200 3613
WARNING 2019-07-24 07:49:02,318 base 152 Not Found: /mobiles/19108680710/count/
WARNING 2019-07-24 07:49:02,323 basehttp 124 "GET /mobiles/19108680710/count/ HTTP/1.1" 404 2706
INFO 2019-07-24 09:20:31,905 basehttp 124 "GET / HTTP/1.1" 200 25122
WARNING 2019-07-24 09:20:34,166 base 152 Not Found: /carts/simple/
WARNING 2019-07-24 09:20:34,206 basehttp 124 "GET /carts/simple/ HTTP/1.1" 404 3253
WARNING 2019-07-24 09:20:34,432 base 152 Not Found: /favicon.ico
WARNING 2019-07-24 09:20:34,438 basehttp 124 "GET /favicon.ico HTTP/1.1" 404 3247
INFO 2019-07-24 09:20:35,289 basehttp 124 "GET /register HTTP/1.1" 200 5084
INFO 2019-07-24 09:20:35,599 basehttp 124 "GET /image_codes/dd5482a3-a241-4f5f-a34c-df6a2bc177c5/ HTTP/1.1" 200 3168
INFO 2019-07-24 09:20:56,337 basehttp 124 "GET /usernames/python/count/ HTTP/1.1" 200 41
WARNING 2019-07-24 09:27:41,120 base 152 Not Found: /mobiles/19108680710/count/
WARNING 2019-07-24 09:27:41,125 basehttp 124 "GET /mobiles/19108680710/count/ HTTP/1.1" 404 3284
WARNING 2019-07-24 09:27:43,601 base 152 Not Found: /mobiles/19108680710/count/
WARNING 2019-07-24 09:27:43,605 basehttp 124 "GET /mobiles/19108680710/count/ HTTP/1.1" 404 3284
INFO 2019-07-24 09:27:48,497 basehttp 124 "GET /register HTTP/1.1" 200 5084
INFO 2019-07-24 09:27:48,782 basehttp 124 "GET /static/js/host.js HTTP/1.1" 304 0
INFO 2019-07-24 09:27:48,783 basehttp 124 "GET /static/css/main.css HTTP/1.1" 304 0
INFO 2019-07-24 09:27:48,784 basehttp 124 "GET /static/css/reset.css HTTP/1.1" 304 0
INFO 2019-07-24 09:27:48,786 basehttp 124 "GET /static/js/vue-2.5.16.js HTTP/1.1" 304 0
INFO 2019-07-24 09:27:48,819 basehttp 124 "GET /static/js/axios-0.18.0.min.js HTTP/1.1" 304 0
INFO 2019-07-24 09:27:48,837 basehttp 124 "GET /static/images/logo.png HTTP/1.1" 304 0
INFO 2019-07-24 09:27:48,863 basehttp 124 "GET /static/js/common.js HTTP/1.1" 304 0
INFO 2019-07-24 09:27:48,874 basehttp 124 "GET /static/js/register.js HTTP/1.1" 304 0
INFO 2019-07-24 09:27:49,881 basehttp 124 "GET /image_codes/c00e41fa-cdd6-47de-ace7-509201d10923/ HTTP/1.1" 200 3154
INFO 2019-07-24 09:28:05,837 basehttp 124 "GET /usernames/python/count/ HTTP/1.1" 200 41
INFO 2019-07-24 09:28:29,174 basehttp 124 "GET /usernames/python/count/ HTTP/1.1" 200 41
WARNING 2019-07-24 09:28:53,696 base 152 Not Found: /mobiles/19108680710/count/
WARNING 2019-07-24 09:28:53,698 basehttp 124 "GET /mobiles/19108680710/count/ HTTP/1.1" 404 3284
INFO 2019-07-24 09:29:46,532 basehttp 124 "GET /mobiles/19108680710/count/ HTTP/1.1" 200 41
INFO 2019-07-24 09:29:51,952 basehttp 124 "GET /image_codes/b5fb62e2-357a-48b1-8415-83b27ca56cbe/ HTTP/1.1" 200 3226
INFO 2019-07-24 09:29:53,253 basehttp 124 "GET /image_codes/37068cf2-cdaa-4c25-9e0b-fbc64e02c4ed/ HTTP/1.1" 200 2884
INFO 2019-07-24 09:32:03,976 basehttp 124 "GET /usernames/python/count/ HTTP/1.1" 200 41
INFO 2019-07-24 09:32:16,170 basehttp 124 "GET /register HTTP/1.1" 200 5373
INFO 2019-07-24 09:32:16,324 basehttp 124 "GET /static/js/axios-0.18.0.min.js HTTP/1.1" 304 0
INFO 2019-07-24 09:32:16,326 basehttp 124 "GET /static/js/vue-2.5.16.js HTTP/1.1" 304 0
INFO 2019-07-24 09:32:16,327 basehttp 124 "GET /static/css/main.css HTTP/1.1" 304 0
INFO 2019-07-24 09:32:16,327 basehttp 124 "GET /static/css/reset.css HTTP/1.1" 304 0
INFO 2019-07-24 09:32:16,329 basehttp 124 "GET /static/js/host.js HTTP/1.1" 304 0
INFO 2019-07-24 09:32:16,396 basehttp 124 "GET /static/js/common.js HTTP/1.1" 304 0
INFO 2019-07-24 09:32:16,397 basehttp 124 "GET /static/images/logo.png HTTP/1.1" 304 0
INFO 2019-07-24 09:32:16,433 basehttp 124 "GET /static/js/register.js HTTP/1.1" 304 0
INFO 2019-07-24 09:32:16,996 basehttp 124 "GET /image_codes/a6f4ef86-6a69-448a-9138-18249d896033/ HTTP/1.1" 200 3199
INFO 2019-07-24 09:32:25,783 basehttp 124 "GET /mobiles/19108680710/count/ HTTP/1.1" 200 41
INFO 2019-07-24 09:32:30,730 basehttp 124 "GET /mobiles/19108680710/count/ HTTP/1.1" 200 41
INFO 2019-07-24 09:34:14,837 basehttp 124 "GET /image_codes/b1709983-e0bc-4281-88e0-25ee210f98b0/ HTTP/1.1" 200 2979
INFO 2019-07-24 09:34:23,967 basehttp 124 "GET /mobiles/19108680710/count/ HTTP/1.1" 200 41
INFO 2019-07-24 09:43:23,915 basehttp 124 "GET /image_codes/4279b1fd-e403-4077-b951-d0ff756deb6c/ HTTP/1.1" 200 3078
INFO 2019-07-24 09:43:32,414 basehttp 124 "GET /mobiles/19108680710/count/ HTTP/1.1" 200 41
INFO 2019-07-24 09:45:22,988 basehttp 124 "GET /image_codes/efbe7bae-4e59-4af2-80f3-15213d886e44/ HTTP/1.1" 200 3029
INFO 2019-07-24 09:45:29,882 basehttp 124 "GET /mobiles/19108680710/count/ HTTP/1.1" 200 41
INFO 2019-07-24 09:47:08,459 basehttp 124 "GET /image_codes/7ec93f1a-c5b9-458b-a35a-e672c4afb610/ HTTP/1.1" 200 3214
INFO 2019-07-24 09:47:15,011 basehttp 124 "GET /mobiles/19108680710/count/ HTTP/1.1" 200 41
INFO 2019-07-24 09:50:33,885 basehttp 124 "GET /image_codes/5c9e8f0f-fe39-46ee-b42e-a03740844fb0/ HTTP/1.1" 200 3233
INFO 2019-07-24 09:50:41,043 basehttp 124 "GET /mobiles/19108680710/count/ HTTP/1.1" 200 41
INFO 2019-07-24 09:54:06,489 basehttp 124 "GET /image_codes/487e643b-68a1-4c74-a5be-ea87fa9011e7/ HTTP/1.1" 200 2870
INFO 2019-07-24 09:54:10,691 basehttp 124 "GET /mobiles/19108680710/count/ HTTP/1.1" 200 41
INFO 2019-07-24 09:54:12,142 basehttp 124 "GET /mobiles/19108680710/count/ HTTP/1.1" 200 41
INFO 2019-07-24 09:54:16,498 basehttp 124 "GET /sms_codes/19108680710/?image_code=oj6w&image_code_id=487e643b-68a1-4c74-a5be-ea87fa9011e7 HTTP/1.1" 200 29
INFO 2019-07-24 09:57:27,185 basehttp 124 "GET /image_codes/734eb286-4f99-4d46-b0c8-9c937e7a6b8f/ HTTP/1.1" 200 3126
INFO 2019-07-24 09:57:32,950 basehttp 124 "GET /mobiles/19108680710/count/ HTTP/1.1" 200 41
INFO 2019-07-24 09:57:36,027 basehttp 124 "GET /sms_codes/19108680710/?image_code=kwrj&image_code_id=734eb286-4f99-4d46-b0c8-9c937e7a6b8f HTTP/1.1" 200 29
INFO 2019-07-24 10:00:53,078 basehttp 124 "GET /image_codes/fd645ce2-3ecc-438c-8f84-287c8e6a554c/ HTTP/1.1" 200 3101
INFO 2019-07-24 10:01:25,179 basehttp 124 "GET /mobiles/19108680710/count/ HTTP/1.1" 200 41
INFO 2019-07-24 10:01:28,003 basehttp 124 "GET /sms_codes/19108680710/?image_code=5fqi&image_code_id=fd645ce2-3ecc-438c-8f84-287c8e6a554c HTTP/1.1" 200 29
INFO 2019-07-24 10:14:31,885 basehttp 124 "GET /image_codes/84761db9-525f-48ea-af87-f6af79de4e4a/ HTTP/1.1" 200 3242
INFO 2019-07-24 10:14:38,591 basehttp 124 "GET /mobiles/19108680710/count/ HTTP/1.1" 200 41
INFO 2019-07-24 10:14:42,852 basehttp 124 "GET /sms_codes/19108680710/?image_code=xfki&image_code_id=84761db9-525f-48ea-af87-f6af79de4e4a HTTP/1.1" 200 29
INFO 2019-07-24 10:16:51,491 basehttp 124 "GET /image_codes/c73c0cea-98ab-4ea9-b764-0cbdb4f5b45b/ HTTP/1.1" 200 3102
INFO 2019-07-24 10:16:54,917 basehttp 124 "GET /image_codes/d68f4a1e-0d16-469e-b4d2-40b5a761d291/ HTTP/1.1" 200 3704
INFO 2019-07-24 10:17:00,389 basehttp 124 "GET /mobiles/19108680710/count/ HTTP/1.1" 200 41
INFO 2019-07-24 10:17:44,152 basehttp 124 "GET /sms_codes/19108680710/?image_code=zg9q&image_code_id=d68f4a1e-0d16-469e-b4d2-40b5a761d291 HTTP/1.1" 200 29
INFO 2019-07-24 10:21:23,693 basehttp 124 "GET /image_codes/ec9537f6-8bab-4b1d-8036-f318fc41761d/ HTTP/1.1" 200 3170
INFO 2019-07-24 10:21:30,541 basehttp 124 "GET /mobiles/19108680710/count/ HTTP/1.1" 200 41
INFO 2019-07-24 10:21:37,069 basehttp 124 "GET /sms_codes/19108680710/?image_code=ugqr&image_code_id=ec9537f6-8bab-4b1d-8036-f318fc41761d HTTP/1.1" 200 29
INFO 2019-07-24 10:24:12,262 basehttp 124 "GET /image_codes/37ee2ce2-5a82-4c18-aead-88b71cc5b241/ HTTP/1.1" 200 3104
INFO 2019-07-24 10:24:20,950 basehttp 124 "GET /sms_codes/19108680710/?image_code=vtw8&image_code_id=37ee2ce2-5a82-4c18-aead-88b71cc5b241 HTTP/1.1" 200 78
INFO 2019-07-24 10:24:21,002 basehttp 124 "GET /mobiles/19108680710/count/ HTTP/1.1" 200 41
INFO 2019-07-24 10:24:21,036 basehttp 124 "GET /image_codes/6275df58-9d2e-43c7-9881-9174ec845d92/ HTTP/1.1" 200 3157
INFO 2019-07-24 10:24:28,734 basehttp 124 "GET /mobiles/19108680710/count/ HTTP/1.1" 200 41
INFO 2019-07-24 10:24:37,057 basehttp 124 "GET /sms_codes/19108680710/?image_code=4nfg&image_code_id=6275df58-9d2e-43c7-9881-9174ec845d92 HTTP/1.1" 200 29
INFO 2019-07-24 10:30:17,196 basehttp 124 "GET /image_codes/dfd36202-6173-490b-8ede-54de5c605d38/ HTTP/1.1" 200 3181
INFO 2019-07-24 10:30:23,381 basehttp 124 "GET /mobiles/19108680710/count/ HTTP/1.1" 200 41
INFO 2019-07-24 10:30:27,109 basehttp 124 "GET /sms_codes/19108680710/?image_code=vefq&image_code_id=dfd36202-6173-490b-8ede-54de5c605d38 HTTP/1.1" 200 29
INFO 2019-07-24 10:31:02,984 basehttp 124 "GET /image_codes/5f8326ad-9045-48c5-bcc4-8b97209e3741/ HTTP/1.1" 200 3133
INFO 2019-07-24 10:31:33,360 basehttp 124 "GET /mobiles/19108680710/count/ HTTP/1.1" 200 41
INFO 2019-07-24 12:16:32,071 basehttp 124 "GET /image_codes/3c041e45-2aad-4e9f-88c1-c9091a5fcf69/ HTTP/1.1" 200 3457
INFO 2019-07-24 12:16:38,928 basehttp 124 "GET /sms_codes/19108680710/?image_code=rcko&image_code_id=3c041e45-2aad-4e9f-88c1-c9091a5fcf69 HTTP/1.1" 200 78
INFO 2019-07-24 12:16:38,955 basehttp 124 "GET /mobiles/19108680710/count/ HTTP/1.1" 200 41
INFO 2019-07-24 12:16:39,007 basehttp 124 "GET /image_codes/eef29442-d07e-46dd-a2d6-9972525b05a7/ HTTP/1.1" 200 3409
INFO 2019-07-24 12:16:45,743 basehttp 124 "GET /mobiles/19108680710/count/ HTTP/1.1" 200 41
INFO 2019-07-24 12:17:06,883 basehttp 124 "GET /image_codes/d19dd1b1-0984-40d8-b82d-6c900565d773/ HTTP/1.1" 200 3007
INFO 2019-07-24 12:17:21,291 basehttp 124 "GET /sms_codes/19108680710/?image_code=h4mm&image_code_id=eef29442-d07e-46dd-a2d6-9972525b05a7 HTTP/1.1" 200 29
INFO 2019-07-24 12:18:46,324 basehttp 124 "GET /mobiles/19108680710/count/ HTTP/1.1" 200 41
INFO 2019-07-24 12:19:24,355 basehttp 124 "GET /image_codes/71da2c77-0c5e-46e2-af0c-6dc5da7cff5a/ HTTP/1.1" 200 3128
INFO 2019-07-24 12:19:33,241 basehttp 124 "GET /sms_codes/19108680710/?image_code=5vo7&image_code_id=71da2c77-0c5e-46e2-af0c-6dc5da7cff5a HTTP/1.1" 200 78
INFO 2019-07-24 12:19:33,289 basehttp 124 "GET /mobiles/19108680710/count/ HTTP/1.1" 200 41
INFO 2019-07-24 12:19:33,356 basehttp 124 "GET /image_codes/b63f2099-2419-43d7-a6ee-3632ca95f31d/ HTTP/1.1" 200 3495
INFO 2019-07-24 12:19:43,730 basehttp 124 "GET /sms_codes/19108680710/?image_code=unjf&image_code_id=b63f2099-2419-43d7-a6ee-3632ca95f31d HTTP/1.1" 200 78
INFO 2019-07-24 12:19:43,763 basehttp 124 "GET /mobiles/19108680710/count/ HTTP/1.1" 200 41
INFO 2019-07-24 12:19:43,791 basehttp 124 "GET /image_codes/12174a26-8d52-4640-a385-768189deaacb/ HTTP/1.1" 200 3112
INFO 2019-07-24 12:19:53,431 basehttp 124 "GET /mobiles/19108680710/count/ HTTP/1.1" 200 41
INFO 2019-07-24 12:20:27,857 basehttp 124 "GET /image_codes/80d34960-c5f8-4d39-b6b6-f717b8330973/ HTTP/1.1" 200 3349
INFO 2019-07-24 12:20:33,802 basehttp 124 "GET /sms_codes/19108680710/?image_code=udxl&image_code_id=80d34960-c5f8-4d39-b6b6-f717b8330973 HTTP/1.1" 200 78
INFO 2019-07-24 12:20:33,825 basehttp 124 "GET /mobiles/19108680710/count/ HTTP/1.1" 200 41
INFO 2019-07-24 12:20:33,850 basehttp 124 "GET /image_codes/83a383d4-84ee-4b7c-8126-2362742a7ad4/ HTTP/1.1" 200 3034
INFO 2019-07-24 12:20:40,785 basehttp 124 "GET /sms_codes/19108680710/?image_code=hrts&image_code_id=83a383d4-84ee-4b7c-8126-2362742a7ad4 HTTP/1.1" 200 78
INFO 2019-07-24 12:20:40,808 basehttp 124 "GET /mobiles/19108680710/count/ HTTP/1.1" 200 41
INFO 2019-07-24 12:20:40,835 basehttp 124 "GET /image_codes/6673f498-08cf-4611-8435-8fa029fa9644/ HTTP/1.1" 200 3039
INFO 2019-07-24 12:20:42,876 basehttp 124 "GET /image_codes/45d77108-36b5-4bab-98e2-e0e4272bceb0/ HTTP/1.1" 200 3232
INFO 2019-07-24 12:20:48,955 basehttp 124 "GET /sms_codes/19108680710/?image_code=yz3s&image_code_id=45d77108-36b5-4bab-98e2-e0e4272bceb0 HTTP/1.1" 200 78
INFO 2019-07-24 12:20:48,991 basehttp 124 "GET /mobiles/19108680710/count/ HTTP/1.1" 200 41
INFO 2019-07-24 12:20:49,019 basehttp 124 "GET /image_codes/52060ce1-9936-4c15-a0a9-fab50034375b/ HTTP/1.1" 200 3502
INFO 2019-07-24 12:20:56,619 basehttp 124 "GET /sms_codes/19108680710/?image_code=j8jg&image_code_id=52060ce1-9936-4c15-a0a9-fab50034375b HTTP/1.1" 200 78
INFO 2019-07-24 12:20:56,632 basehttp 124 "GET /mobiles/19108680710/count/ HTTP/1.1" 200 41
INFO 2019-07-24 12:20:56,669 basehttp 124 "GET /image_codes/a4d85d93-a89f-40eb-bf6e-41023a0234c4/ HTTP/1.1" 200 2991
INFO 2019-07-24 12:21:03,368 basehttp 124 "GET /mobiles/19108680710/count/ HTTP/1.1" 200 41
INFO 2019-07-24 12:21:44,339 basehttp 124 "GET /image_codes/070b062b-bd20-4625-a833-c6510157442c/ HTTP/1.1" 200 3317
INFO 2019-07-24 12:21:51,108 basehttp 124 "GET /sms_codes/19108680710/?image_code=zn6d&image_code_id=070b062b-bd20-4625-a833-c6510157442c HTTP/1.1" 200 78
INFO 2019-07-24 12:21:51,171 basehttp 124 "GET /mobiles/19108680710/count/ HTTP/1.1" 200 41
INFO 2019-07-24 12:21:51,191 basehttp 124 "GET /image_codes/985560e7-4f37-45d2-818b-230a3a6b7906/ HTTP/1.1" 200 3361
INFO 2019-07-24 12:21:53,672 basehttp 124 "GET /image_codes/6f8eaa82-9f18-4139-81f5-87ed25645d9e/ HTTP/1.1" 200 3478
INFO 2019-07-24 12:21:59,823 basehttp 124 "GET /sms_codes/19108680710/?image_code=eut3&image_code_id=6f8eaa82-9f18-4139-81f5-87ed25645d9e HTTP/1.1" 200 78
INFO 2019-07-24 12:21:59,839 basehttp 124 "GET /mobiles/19108680710/count/ HTTP/1.1" 200 41
INFO 2019-07-24 12:21:59,872 basehttp 124 "GET /image_codes/7878a2dc-c158-4a00-9f7c-8b79f9f0297e/ HTTP/1.1" 200 3347
INFO 2019-07-24 12:22:06,221 basehttp 124 "GET /mobiles/19108680710/count/ HTTP/1.1" 200 41
INFO 2019-07-24 12:23:24,224 basehttp 124 "GET /image_codes/e7021080-ae0a-484c-a287-a3ac023afe52/ HTTP/1.1" 200 3101
INFO 2019-07-24 12:23:29,480 basehttp 124 "GET /mobiles/19108680710/count/ HTTP/1.1" 200 41
INFO 2019-07-24 12:24:03,969 basehttp 124 "GET /image_codes/7d8f7833-61de-4cfe-8f56-2f090946fdff/ HTTP/1.1" 200 3136
INFO 2019-07-24 12:24:10,365 basehttp 124 "GET /sms_codes/19108680710/?image_code=9rbl&image_code_id=7d8f7833-61de-4cfe-8f56-2f090946fdff HTTP/1.1" 200 78
INFO 2019-07-24 12:24:10,385 basehttp 124 "GET /mobiles/19108680710/count/ HTTP/1.1" 200 41
INFO 2019-07-24 12:24:10,403 basehttp 124 "GET /image_codes/305837e2-b7d4-47ea-a2b6-c40799cd9dd0/ HTTP/1.1" 200 3507
INFO 2019-07-24 12:24:18,132 basehttp 124 "GET /sms_codes/19108680710/?image_code=ybss&image_code_id=305837e2-b7d4-47ea-a2b6-c40799cd9dd0 HTTP/1.1" 200 78
INFO 2019-07-24 12:24:18,156 basehttp 124 "GET /mobiles/19108680710/count/ HTTP/1.1" 200 41
INFO 2019-07-24 12:24:18,176 basehttp 124 "GET /image_codes/2103cfee-5d19-4720-8842-178922308648/ HTTP/1.1" 200 3096
INFO 2019-07-24 12:24:24,925 basehttp 124 "GET /sms_codes/19108680710/?image_code=3rhq&image_code_id=2103cfee-5d19-4720-8842-178922308648 HTTP/1.1" 200 78
INFO 2019-07-24 12:24:24,964 basehttp 124 "GET /mobiles/19108680710/count/ HTTP/1.1" 200 41
INFO 2019-07-24 12:24:24,984 basehttp 124 "GET /image_codes/ea515d9c-ca65-4e7c-be3a-cbb30bd12c51/ HTTP/1.1" 200 3264
INFO 2019-07-24 12:24:31,619 basehttp 124 "GET /mobiles/19108680710/count/ HTTP/1.1" 200 41
INFO 2019-07-24 12:25:01,819 basehttp 124 "GET /image_codes/a474a2ce-049d-4658-8355-a4240d6fab41/ HTTP/1.1" 200 3420
INFO 2019-07-24 12:25:08,008 basehttp 124 "GET /sms_codes/19108680710/?image_code=3zzl&image_code_id=a474a2ce-049d-4658-8355-a4240d6fab41 HTTP/1.1" 200 78
INFO 2019-07-24 12:25:08,093 basehttp 124 "GET /mobiles/19108680710/count/ HTTP/1.1" 200 41
INFO 2019-07-24 12:25:08,126 basehttp 124 "GET /image_codes/8c89afc1-81cb-4300-a4fd-55100b4166e7/ HTTP/1.1" 200 3275
INFO 2019-07-24 12:25:15,333 basehttp 124 "GET /sms_codes/19108680710/?image_code=kjhl&image_code_id=8c89afc1-81cb-4300-a4fd-55100b4166e7 HTTP/1.1" 200 78
INFO 2019-07-24 12:25:15,449 basehttp 124 "GET /mobiles/19108680710/count/ HTTP/1.1" 200 41
INFO 2019-07-24 12:25:15,690 basehttp 124 "GET /image_codes/fe28e11a-eb04-4559-ae7b-edce2d00087a/ HTTP/1.1" 200 3070
INFO 2019-07-24 12:25:24,435 basehttp 124 "GET /sms_codes/19108680710/?image_code=c7hc&image_code_id=fe28e11a-eb04-4559-ae7b-edce2d00087a HTTP/1.1" 200 78
INFO 2019-07-24 12:25:24,543 basehttp 124 "GET /mobiles/19108680710/count/ HTTP/1.1" 200 41
INFO 2019-07-24 12:25:24,627 basehttp 124 "GET /image_codes/2109a519-ee12-45a4-8c7a-a8e57ffd04cd/ HTTP/1.1" 200 3563
INFO 2019-07-24 12:25:31,198 basehttp 124 "GET /sms_codes/19108680710/?image_code=vxnz&image_code_id=2109a519-ee12-45a4-8c7a-a8e57ffd04cd HTTP/1.1" 200 78
INFO 2019-07-24 12:25:31,226 basehttp 124 "GET /mobiles/19108680710/count/ HTTP/1.1" 200 41
INFO 2019-07-24 12:25:31,256 basehttp 124 "GET /image_codes/1bf64280-a37d-4ade-a9b3-51e069915375/ HTTP/1.1" 200 3423
INFO 2019-07-24 12:25:36,952 basehttp 124 "GET /mobiles/19108680710/count/ HTTP/1.1" 200 41
INFO 2019-07-24 12:26:11,106 basehttp 124 "GET /image_codes/e1d124a8-be34-4f63-9bb1-de1df0da2076/ HTTP/1.1" 200 3034
INFO 2019-07-24 12:26:14,952 basehttp 124 "GET /image_codes/530ea6e7-2f0a-4928-8c64-640063a5a5d2/ HTTP/1.1" 200 3112
INFO 2019-07-24 12:26:22,489 basehttp 124 "GET /sms_codes/19108680710/?image_code=pmaf&image_code_id=530ea6e7-2f0a-4928-8c64-640063a5a5d2 HTTP/1.1" 200 78
INFO 2019-07-24 12:26:22,556 basehttp 124 "GET /mobiles/19108680710/count/ HTTP/1.1" 200 41
INFO 2019-07-24 12:26:22,594 basehttp 124 "GET /image_codes/248a6343-65e2-4b8c-8476-89574e2244b6/ HTTP/1.1" 200 3338
INFO 2019-07-24 12:26:30,277 basehttp 124 "GET /sms_codes/19108680710/?image_code=icao&image_code_id=248a6343-65e2-4b8c-8476-89574e2244b6 HTTP/1.1" 200 78
INFO 2019-07-24 12:26:30,295 basehttp 124 "GET /mobiles/19108680710/count/ HTTP/1.1" 200 41
INFO 2019-07-24 12:26:30,320 basehttp 124 "GET /image_codes/5be878b5-e282-4d61-9319-a52c11511899/ HTTP/1.1" 200 3131
INFO 2019-07-24 12:26:41,593 basehttp 124 "GET /mobiles/19108680710/count/ HTTP/1.1" 200 41
INFO 2019-07-24 12:30:43,599 basehttp 124 "GET /mobiles/19108680710/count/ HTTP/1.1" 200 41
INFO 2019-07-24 12:33:58,019 basehttp 124 "GET /mobiles/19108680710/count/ HTTP/1.1" 200 41
INFO 2019-07-24 12:33:58,065 basehttp 124 "GET /sms_codes/19108680710/?image_code=vs8p&image_code_id=5be878b5-e282-4d61-9319-a52c11511899 HTTP/1.1" 200 78
INFO 2019-07-24 12:33:58,267 basehttp 124 "GET /image_codes/4b92f435-1525-4e2b-89b6-8abeef450234/ HTTP/1.1" 200 2975
INFO 2019-07-24 12:34:05,054 basehttp 124 "GET /mobiles/19108680710/count/ HTTP/1.1" 200 41
INFO 2019-07-24 12:41:35,399 basehttp 124 "GET /image_codes/e80c413f-a33c-45d7-912d-3132bf70da24/ HTTP/1.1" 200 3460
INFO 2019-07-24 12:41:39,445 basehttp 124 "GET /mobiles/19108680710/count/ HTTP/1.1" 200 41
INFO 2019-07-24 12:42:16,088 basehttp 124 "GET /image_codes/662f9a6d-8570-4e77-bee6-f368277f9414/ HTTP/1.1" 200 3365
INFO 2019-07-24 12:42:22,913 basehttp 124 "GET /sms_codes/19108680710/?image_code=kryu&image_code_id=662f9a6d-8570-4e77-bee6-f368277f9414 HTTP/1.1" 200 78
INFO 2019-07-24 12:42:22,978 basehttp 124 "GET /mobiles/19108680710/count/ HTTP/1.1" 200 41
INFO 2019-07-24 12:42:23,026 basehttp 124 "GET /image_codes/29e0469f-8d06-4f11-ab99-5a9698c8a440/ HTTP/1.1" 200 3234
INFO 2019-07-24 12:42:30,752 basehttp 124 "GET /sms_codes/19108680710/?image_code=hlwa&image_code_id=29e0469f-8d06-4f11-ab99-5a9698c8a440 HTTP/1.1" 200 78
INFO 2019-07-24 12:42:30,786 basehttp 124 "GET /mobiles/19108680710/count/ HTTP/1.1" 200 41
INFO 2019-07-24 12:42:30,811 basehttp 124 "GET /image_codes/f88cfafa-9c73-4161-a3f1-0c52fcb55c50/ HTTP/1.1" 200 2925
INFO 2019-07-24 12:43:31,037 basehttp 124 "GET /image_codes/2a722b8e-2543-4d5f-b703-1e51acaab58a/ HTTP/1.1" 200 3361
INFO 2019-07-24 12:43:36,539 basehttp 124 "GET /mobiles/19108680710/count/ HTTP/1.1" 200 41
INFO 2019-07-24 12:44:20,935 basehttp 124 "GET /image_codes/e6241de1-0b6a-4e82-9991-8982dbec28d8/ HTTP/1.1" 200 3232
INFO 2019-07-24 12:44:28,536 basehttp 124 "GET /mobiles/19108680710/count/ HTTP/1.1" 200 41
INFO 2019-07-24 12:44:54,184 basehttp 124 "GET /image_codes/9c5094ca-9bee-4ce1-aa17-9e1c626b8c09/ HTTP/1.1" 200 3349
INFO 2019-07-24 12:45:02,372 basehttp 124 "GET /sms_codes/19108680710/?image_code=slvb&image_code_id=9c5094ca-9bee-4ce1-aa17-9e1c626b8c09 HTTP/1.1" 200 78
INFO 2019-07-24 12:45:02,399 basehttp 124 "GET /mobiles/19108680710/count/ HTTP/1.1" 200 41
INFO 2019-07-24 12:45:02,443 basehttp 124 "GET /image_codes/d83d8e7c-f450-4f22-91cb-e0bbe07b31ee/ HTTP/1.1" 200 2895
INFO 2019-07-24 12:45:08,822 basehttp 124 "GET /mobiles/19108680710/count/ HTTP/1.1" 200 41
INFO 2019-07-24 12:52:00,312 basehttp 124 "GET /image_codes/ece3d988-f095-4952-a528-2a75d270540a/ HTTP/1.1" 200 3410
INFO 2019-07-24 12:52:06,378 basehttp 124 "GET /mobiles/19108680710/count/ HTTP/1.1" 200 41
INFO 2019-07-24 12:53:42,653 basehttp 124 "GET /image_codes/b6a727a6-64bf-4153-ba74-40467b01b062/ HTTP/1.1" 200 3372
INFO 2019-07-24 12:53:47,935 basehttp 124 "GET /mobiles/19108680710/count/ HTTP/1.1" 200 41
INFO 2019-07-24 12:55:56,987 basehttp 124 "GET /image_codes/f95f7c35-514e-44a5-8605-6c616a943c6b/ HTTP/1.1" 200 3333
ERROR 2019-07-24 12:56:04,430 exception 135 Internal Server Error: /sms_codes/19108680710/
Traceback (most recent call last):
  File "/home/python/.virtualenvs/django_py3/lib/python3.5/site-packages/django/core/handlers/exception.py", line 41, in inner
    response = get_response(request)
  File "/home/python/.virtualenvs/django_py3/lib/python3.5/site-packages/django/core/handlers/base.py", line 187, in _get_response
    response = self.process_exception_by_middleware(e, request)
  File "/home/python/.virtualenvs/django_py3/lib/python3.5/site-packages/django/core/handlers/base.py", line 185, in _get_response
    response = wrapped_callback(request, *callback_args, **callback_kwargs)
  File "/home/python/.virtualenvs/django_py3/lib/python3.5/site-packages/django/views/generic/base.py", line 68, in view
    return self.dispatch(request, *args, **kwargs)
  File "/home/python/.virtualenvs/django_py3/lib/python3.5/site-packages/django/views/generic/base.py", line 88, in dispatch
    return handler(request, *args, **kwargs)
  File "/home/python/Desktop/meiduo_mall/meiduo_mall/meiduo_mall/app/verifications/views.py", line 72, in get
    from meiduo_mall.celery_tasks.sms.tasks import send_sms_code
ImportError: No module named 'meiduo_mall.celery_tasks'
INFO 2019-07-24 12:56:04,567 basehttp 124 "GET /mobiles/19108680710/count/ HTTP/1.1" 200 41
ERROR 2019-07-24 12:56:05,003 basehttp 124 "GET /sms_codes/19108680710/?image_code=l7ac&image_code_id=f95f7c35-514e-44a5-8605-6c616a943c6b HTTP/1.1" 500 86176
ERROR 2019-07-24 12:56:10,357 exception 135 Internal Server Error: /sms_codes/19108680710/
Traceback (most recent call last):
  File "/home/python/.virtualenvs/django_py3/lib/python3.5/site-packages/django/core/handlers/exception.py", line 41, in inner
    response = get_response(request)
  File "/home/python/.virtualenvs/django_py3/lib/python3.5/site-packages/django/core/handlers/base.py", line 187, in _get_response
    response = self.process_exception_by_middleware(e, request)
  File "/home/python/.virtualenvs/django_py3/lib/python3.5/site-packages/django/core/handlers/base.py", line 185, in _get_response
    response = wrapped_callback(request, *callback_args, **callback_kwargs)
  File "/home/python/.virtualenvs/django_py3/lib/python3.5/site-packages/django/views/generic/base.py", line 68, in view
    return self.dispatch(request, *args, **kwargs)
  File "/home/python/.virtualenvs/django_py3/lib/python3.5/site-packages/django/views/generic/base.py", line 88, in dispatch
    return handler(request, *args, **kwargs)
  File "/home/python/Desktop/meiduo_mall/meiduo_mall/meiduo_mall/app/verifications/views.py", line 72, in get
    from meiduo_mall.celery_tasks.sms.tasks import send_sms_code
ImportError: No module named 'meiduo_mall.celery_tasks'
INFO 2019-07-24 12:56:10,378 basehttp 124 "GET /mobiles/19108680710/count/ HTTP/1.1" 200 41
ERROR 2019-07-24 12:56:10,648 basehttp 124 "GET /sms_codes/19108680710/?image_code=l7ac&image_code_id=f95f7c35-514e-44a5-8605-6c616a943c6b HTTP/1.1" 500 86177
INFO 2019-07-24 12:56:14,019 basehttp 124 "GET /image_codes/3d0d0350-db58-4ba2-a116-4046b4e4a222/ HTTP/1.1" 200 2781
ERROR 2019-07-24 12:56:19,441 exception 135 Internal Server Error: /sms_codes/19108680710/
Traceback (most recent call last):
  File "/home/python/.virtualenvs/django_py3/lib/python3.5/site-packages/django/core/handlers/exception.py", line 41, in inner
    response = get_response(request)
  File "/home/python/.virtualenvs/django_py3/lib/python3.5/site-packages/django/core/handlers/base.py", line 187, in _get_response
    response = self.process_exception_by_middleware(e, request)
  File "/home/python/.virtualenvs/django_py3/lib/python3.5/site-packages/django/core/handlers/base.py", line 185, in _get_response
    response = wrapped_callback(request, *callback_args, **callback_kwargs)
  File "/home/python/.virtualenvs/django_py3/lib/python3.5/site-packages/django/views/generic/base.py", line 68, in view
    return self.dispatch(request, *args, **kwargs)
  File "/home/python/.virtualenvs/django_py3/lib/python3.5/site-packages/django/views/generic/base.py", line 88, in dispatch
    return handler(request, *args, **kwargs)
  File "/home/python/Desktop/meiduo_mall/meiduo_mall/meiduo_mall/app/verifications/views.py", line 72, in get
    from meiduo_mall.celery_tasks.sms.tasks import send_sms_code
ImportError: No module named 'meiduo_mall.celery_tasks'
INFO 2019-07-24 12:56:19,461 basehttp 124 "GET /mobiles/19108680710/count/ HTTP/1.1" 200 41
ERROR 2019-07-24 12:56:19,775 basehttp 124 "GET /sms_codes/19108680710/?image_code=ib7s&image_code_id=3d0d0350-db58-4ba2-a116-4046b4e4a222 HTTP/1.1" 500 86177
ERROR 2019-07-24 12:56:22,410 exception 135 Internal Server Error: /sms_codes/19108680710/
Traceback (most recent call last):
  File "/home/python/.virtualenvs/django_py3/lib/python3.5/site-packages/django/core/handlers/exception.py", line 41, in inner
    response = get_response(request)
  File "/home/python/.virtualenvs/django_py3/lib/python3.5/site-packages/django/core/handlers/base.py", line 187, in _get_response
    response = self.process_exception_by_middleware(e, request)
  File "/home/python/.virtualenvs/django_py3/lib/python3.5/site-packages/django/core/handlers/base.py", line 185, in _get_response
    response = wrapped_callback(request, *callback_args, **callback_kwargs)
  File "/home/python/.virtualenvs/django_py3/lib/python3.5/site-packages/django/views/generic/base.py", line 68, in view
    return self.dispatch(request, *args, **kwargs)
  File "/home/python/.virtualenvs/django_py3/lib/python3.5/site-packages/django/views/generic/base.py", line 88, in dispatch
    return handler(request, *args, **kwargs)
  File "/home/python/Desktop/meiduo_mall/meiduo_mall/meiduo_mall/app/verifications/views.py", line 72, in get
    from meiduo_mall.celery_tasks.sms.tasks import send_sms_code
ImportError: No module named 'meiduo_mall.celery_tasks'
INFO 2019-07-24 12:56:22,432 basehttp 124 "GET /mobiles/19108680710/count/ HTTP/1.1" 200 41
ERROR 2019-07-24 12:56:22,697 basehttp 124 "GET /sms_codes/19108680710/?image_code=ib7s&image_code_id=3d0d0350-db58-4ba2-a116-4046b4e4a222 HTTP/1.1" 500 86177
INFO 2019-07-24 12:57:13,218 basehttp 124 "GET /image_codes/6af7d088-3b3c-4a19-849f-6ded1e48a185/ HTTP/1.1" 200 2951
ERROR 2019-07-24 12:57:20,312 exception 135 Internal Server Error: /sms_codes/19108680710/
Traceback (most recent call last):
  File "/home/python/.virtualenvs/django_py3/lib/python3.5/site-packages/django/core/handlers/exception.py", line 41, in inner
    response = get_response(request)
  File "/home/python/.virtualenvs/django_py3/lib/python3.5/site-packages/django/core/handlers/base.py", line 187, in _get_response
    response = self.process_exception_by_middleware(e, request)
  File "/home/python/.virtualenvs/django_py3/lib/python3.5/site-packages/django/core/handlers/base.py", line 185, in _get_response
    response = wrapped_callback(request, *callback_args, **callback_kwargs)
  File "/home/python/.virtualenvs/django_py3/lib/python3.5/site-packages/django/views/generic/base.py", line 68, in view
    return self.dispatch(request, *args, **kwargs)
  File "/home/python/.virtualenvs/django_py3/lib/python3.5/site-packages/django/views/generic/base.py", line 88, in dispatch
    return handler(request, *args, **kwargs)
  File "/home/python/Desktop/meiduo_mall/meiduo_mall/meiduo_mall/app/verifications/views.py", line 72, in get
    from meiduo_mall.meiduo_mall.celery_tasks.sms.tasks import send_sms_code
ImportError: No module named 'meiduo_mall.meiduo_mall'
INFO 2019-07-24 12:57:20,334 basehttp 124 "GET /mobiles/19108680710/count/ HTTP/1.1" 200 41
ERROR 2019-07-24 12:57:20,597 basehttp 124 "GET /sms_codes/19108680710/?image_code=ioli&image_code_id=6af7d088-3b3c-4a19-849f-6ded1e48a185 HTTP/1.1" 500 86197
INFO 2019-07-24 12:59:57,911 basehttp 124 "GET /image_codes/b381e486-4af3-423d-b499-e01128f40c3a/ HTTP/1.1" 200 3316
INFO 2019-07-24 13:00:03,213 basehttp 124 "GET /mobiles/19108680710/count/ HTTP/1.1" 200 41
INFO 2019-07-24 13:32:33,280 basehttp 124 "GET /sms_codes/19108680710/?image_code=rglq&image_code_id=b381e486-4af3-423d-b499-e01128f40c3a HTTP/1.1" 200 29
